2024-10-22 18:04:22,841 - INFO - Connecting to vehicle...
2024-10-22 18:04:22,841 - INFO - Waiting for heartbeat...
2024-10-22 18:04:23,295 - INFO - System mode: 217, System status: 4
2024-10-22 18:04:23,296 - INFO - The vehicle is active and ready to receive commands.
2024-10-22 18:04:23,296 - INFO - Attempting to change altitude to: 100 meters.
2024-10-22 18:04:23,297 - INFO - Altitude change command sent, waiting for acknowledgment...
2024-10-22 18:04:23,430 - INFO - Received command acknowledgment: COMMAND_ACK {command : 30, result : 3, progress : 0, result_param2 : 0, target_system : 255, target_component : 0}
2024-10-22 18:04:23,430 - ERROR - Failed to change altitude: 3 (Error Code: 3)2024-10-22 18:05:11,004 - INFO - Connecting to vehicle...
2024-10-22 18:05:11,004 - INFO - Waiting for heartbeat...
2024-10-22 18:05:11,315 - INFO - System mode: 217, System status: 4
2024-10-22 18:05:11,315 - INFO - The vehicle is active and ready to receive commands.
2024-10-22 18:05:11,315 - INFO - Attempting to change altitude to: 100 meters.
2024-10-22 18:05:11,316 - INFO - Altitude change command sent, waiting for acknowledgment...
2024-10-22 18:05:11,486 - INFO - Received command acknowledgment: COMMAND_ACK {command : 30, result : 3, progress : 0, result_param2 : 0, target_system : 255, target_component : 0}
2024-10-22 18:05:11,486 - ERROR - Failed to change altitude: 3 (Error Code: 3)
2024-10-22 18:05:35,314 - INFO - Connecting to vehicle...
2024-10-22 18:05:35,314 - INFO - Waiting for heartbeat...
2024-10-22 18:05:35,346 - INFO - System mode: 217, System status: 4
2024-10-22 18:05:35,346 - INFO - The vehicle is active and ready to receive commands.
2024-10-22 18:05:35,346 - INFO - Attempting to change altitude to: 100 meters.
2024-10-22 18:05:35,346 - INFO - Altitude change command sent, waiting for acknowledgment...
2024-10-22 18:05:35,471 - INFO - Received command acknowledgment: COMMAND_ACK {command : 30, result : 3, progress : 0, result_param2 : 0, target_system : 255, target_component : 0}
2024-10-22 18:05:35,471 - ERROR - Failed to change altitude: 3 (Error Code: 3)
